<?xml version="1.0" encoding="UTF-8"?>
<!-- Generated by org.testng.reporters.JUnitReportReporter -->
<testsuite hostname="795CMX3" failures="0" tests="1" name="tests.LoginTest" time="7.995" errors="0" timestamp="2025-05-20T17:34:54 IST" skipped="0">
  <testcase classname="tests.LoginTest" name="testValidLogin" time="7.995"/>
</testsuite> <!-- tests.LoginTest -->
